<?xml version="1.0" encoding="UTF-8"?>
<!-- Generated by org.testng.reporters.JUnitReportReporter -->
<testsuite hostname="LAPTOP-A38V3DO6" failures="0" tests="5" name="runner.TestRunner" time="10.634" errors="0" timestamp="2023-09-21T18:40:46 IST" skipped="0">
  <testcase classname="runner.TestRunner" name="runScenario" time="0.612"/>
  <system-out/>
  <testcase classname="runner.TestRunner" name="runScenario" time="1.019"/>
  <system-out/>
  <testcase classname="runner.TestRunner" name="runScenario" time="3.633"/>
  <system-out/>
  <testcase classname="runner.TestRunner" name="runScenario" time="0.948"/>
  <system-out/>
  <testcase classname="runner.TestRunner" name="runScenario" time="4.422"/>
  <system-out/>
</testsuite> <!-- runner.TestRunner -->
