<?xml version="1.0" encoding="UTF-8"?>
<!-- Generated by org.testng.reporters.JUnitReportReporter -->
<testsuite hostname="LAPTOP-A38V3DO6" failures="0" tests="5" name="runner.TestRunner" time="13.601" errors="0" timestamp="2023-09-11T11:35:13 IST" skipped="0">
  <testcase classname="runner.TestRunner" name="runScenario" time="2.581"/>
  <system-out/>
  <testcase classname="runner.TestRunner" name="runScenario" time="3.545"/>
  <system-out/>
  <testcase classname="runner.TestRunner" name="runScenario" time="1.301"/>
  <system-out/>
  <testcase classname="runner.TestRunner" name="runScenario" time="4.985"/>
  <system-out/>
  <testcase classname="runner.TestRunner" name="runScenario" time="1.189"/>
  <system-out/>
</testsuite> <!-- runner.TestRunner -->
